::1 - - [28/Feb/2026 19:16:16] "GET / HTTP/1.1" 304 -
::1 - - [28/Feb/2026 19:16:16] code 404, message File not found
::1 - - [28/Feb/2026 19:16:16] "GET /favicon.ico HTTP/1.1" 404 -
::1 - - [28/Feb/2026 19:16:30] "GET /dashboard.html HTTP/1.1" 304 -
::1 - - [28/Feb/2026 19:16:30] "GET /app.js HTTP/1.1" 200 -
::1 - - [28/Feb/2026 19:16:43] "GET /calculator.html HTTP/1.1" 304 -
::1 - - [28/Feb/2026 19:16:43] "GET /salaryEngine.js HTTP/1.1" 304 -
::1 - - [28/Feb/2026 19:16:43] "GET /calculator.js HTTP/1.1" 200 -
::1 - - [28/Feb/2026 19:21:04] "GET /app.js HTTP/1.1" 200 -
::1 - - [28/Feb/2026 19:21:10] "GET /calculator.js HTTP/1.1" 200 -
::1 - - [28/Feb/2026 19:22:54] "GET /calculator.js HTTP/1.1" 304 -
::1 - - [28/Feb/2026 19:22:56] "GET /app.js HTTP/1.1" 304 -
::1 - - [28/Feb/2026 19:24:11] "GET /calculator.js HTTP/1.1" 304 -
::1 - - [28/Feb/2026 19:24:33] "GET /records.html HTTP/1.1" 304 -
::1 - - [28/Feb/2026 19:24:33] "GET /records.js HTTP/1.1" 200 -
::1 - - [28/Feb/2026 19:24:33] "GET /records.js HTTP/1.1" 200 -
::1 - - [01/Mar/2026 11:38:26] "GET /calculator.html HTTP/1.1" 304 -
::1 - - [01/Mar/2026 11:38:26] "GET /salaryEngine.js HTTP/1.1" 304 -
::1 - - [01/Mar/2026 11:38:26] "GET /calculator.js HTTP/1.1" 304 -
::1 - - [01/Mar/2026 11:38:26] "GET /salaryEngine.js HTTP/1.1" 304 -
::1 - - [01/Mar/2026 11:38:26] "GET /style.css HTTP/1.1" 304 -
::1 - - [01/Mar/2026 11:38:26] "GET /calculator.js HTTP/1.1" 304 -
::1 - - [01/Mar/2026 11:38:30] "GET /dashboard.html HTTP/1.1" 304 -
::1 - - [01/Mar/2026 11:38:30] "GET /app.js HTTP/1.1" 304 -
::1 - - [01/Mar/2026 11:38:30] "GET /app.js HTTP/1.1" 304 -
::1 - - [01/Mar/2026 11:39:32] "GET /records.html HTTP/1.1" 304 -
::1 - - [01/Mar/2026 11:39:32] "GET /records.js HTTP/1.1" 304 -
::1 - - [01/Mar/2026 17:48:35] "GET / HTTP/1.1" 200 -
::1 - - [01/Mar/2026 17:48:35] "GET /style.css HTTP/1.1" 200 -
::1 - - [01/Mar/2026 17:49:48] "GET / HTTP/1.1" 200 -
::1 - - [01/Mar/2026 17:49:49] "GET /style.css HTTP/1.1" 200 -
::1 - - [01/Mar/2026 17:54:39] "GET /calculator.html HTTP/1.1" 200 -
::1 - - [01/Mar/2026 17:54:40] "GET /salaryEngine.js HTTP/1.1" 200 -
::1 - - [01/Mar/2026 17:54:41] "GET /calculator.js HTTP/1.1" 200 -
::1 - - [01/Mar/2026 17:54:46] "GET /dashboard.html HTTP/1.1" 200 -
::1 - - [01/Mar/2026 17:54:47] "GET /app.js HTTP/1.1" 200 -
